{
  "RSpec": {
    "coverage": {
      "/Users/radunecsanu/Desktop/Projects/Ruby/bookmark_manager/spec/features/bookmarks_spec.rb": {
        "lines": [
          1,
          1,
          null,
          1,
          2,
          null,
          1,
          1,
          1,
          null,
          null,
          1,
          1,
          null,
          1,
          3,
          null,
          null,
          null,
          1,
          1,
          null,
          1,
          1,
          null,
          null,
          null
        ]
      },
      "/Users/radunecsanu/Desktop/Projects/Ruby/bookmark_manager/spec/web_helpers.rb": {
        "lines": [
          1,
          3,
          null,
          null,
          3,
          3,
          null,
          null,
          1,
          3,
          3,
          9,
          null,
          null,
          null
        ]
      },
      "/Users/radunecsanu/Desktop/Projects/Ruby/bookmark_manager/spec/features/create_bookmark_spec.rb": {
        "lines": [
          1,
          null,
          1,
          1,
          1,
          null,
          null,
          1,
          1,
          1,
          1,
          1,
          1,
          null,
          null,
          null
        ]
      },
      "/Users/radunecsanu/Desktop/Projects/Ruby/bookmark_manager/spec/features/test_infrastructure_spec.rb": {
        "lines": [
          1,
          1,
          1,
          1,
          null,
          null
        ]
      },
      "/Users/radunecsanu/Desktop/Projects/Ruby/bookmark_manager/spec/unit/bookmark_spec.rb": {
        "lines": [
          1,
          1,
          null,
          1,
          null,
          3,
          null,
          1,
          1,
          null,
          null,
          1,
          1,
          1,
          null,
          null,
          1,
          1,
          1,
          2,
          null,
          null,
          1,
          1,
          null,
          1,
          9,
          null,
          null,
          null,
          1,
          1,
          1,
          1,
          5,
          null,
          null
        ]
      },
      "/Users/radunecsanu/Desktop/Projects/Ruby/bookmark_manager/spec/unit/post_spec.rb": {
        "lines": [
          1,
          null,
          1,
          2,
          null,
          1,
          1,
          1,
          1,
          1,
          null,
          null,
          null
        ]
      }
    },
    "timestamp": 1629370150
  }
}
